[06-Jun-2019 19:58:30 UTC] PHP Notice:  Undefined index: name in C:\Dev\php\pdo\php\connection.php on line 23
[06-Jun-2019 20:23:09 UTC] PHP Notice:  Undefined variable: pdo in C:\Dev\php\pdo\php\connect_test.php on line 21
[06-Jun-2019 20:23:09 UTC] PHP Fatal error:  Uncaught Error: Call to a member function query() on null in C:\Dev\php\pdo\php\connect_test.php:21
Stack trace:
#0 C:\Dev\php\pdo\php\connect_test.php(28): select_test()
#1 {main}
  thrown in C:\Dev\php\pdo\php\connect_test.php on line 21
[06-Jun-2019 20:24:08 UTC] PHP Notice:  Undefined index: last_name in C:\Dev\php\pdo\php\connect_test.php on line 24
[06-Jun-2019 20:42:49 UTC] PHP Notice:  Undefined variable: pdo in C:\Dev\php\pdo\php\connect_test.php on line 32
[06-Jun-2019 20:42:49 UTC] PHP Fatal error:  Uncaught Error: Call to a member function prepare() on null in C:\Dev\php\pdo\php\connect_test.php:32
Stack trace:
#0 C:\Dev\php\pdo\php\connect_test.php(44): select_parm('IT')
#1 {main}
  thrown in C:\Dev\php\pdo\php\connect_test.php on line 32
[06-Jun-2019 20:44:01 UTC] PHP Notice:  Undefined variable: pdo in C:\Dev\php\pdo\php\connect_test.php on line 32
[06-Jun-2019 20:44:01 UTC] PHP Fatal error:  Uncaught Error: Call to a member function prepare() on null in C:\Dev\php\pdo\php\connect_test.php:32
Stack trace:
#0 C:\Dev\php\pdo\php\connect_test.php(44): select_parm('IT')
#1 {main}
  thrown in C:\Dev\php\pdo\php\connect_test.php on line 32
[06-Jun-2019 20:44:39 UTC] PHP Notice:  Undefined variable: pdo in C:\Dev\php\pdo\php\connect_test.php on line 32
[06-Jun-2019 20:44:39 UTC] PHP Fatal error:  Uncaught Error: Call to a member function prepare() on null in C:\Dev\php\pdo\php\connect_test.php:32
Stack trace:
#0 C:\Dev\php\pdo\php\connect_test.php(44): select_parm('IT')
#1 {main}
  thrown in C:\Dev\php\pdo\php\connect_test.php on line 32
[06-Jun-2019 20:47:04 UTC] PHP Notice:  Undefined variable: pdo in C:\Dev\php\pdo\php\connect_test.php on line 32
[06-Jun-2019 20:47:04 UTC] PHP Fatal error:  Uncaught Error: Call to a member function prepare() on null in C:\Dev\php\pdo\php\connect_test.php:32
Stack trace:
#0 C:\Dev\php\pdo\php\connect_test.php(44): select_parm('IT')
#1 {main}
  thrown in C:\Dev\php\pdo\php\connect_test.php on line 32
[06-Jun-2019 20:47:28 UTC] PHP Notice:  Undefined variable: pdo in C:\Dev\php\pdo\php\connect_test.php on line 32
[06-Jun-2019 20:47:28 UTC] PHP Fatal error:  Uncaught Error: Call to a member function prepare() on null in C:\Dev\php\pdo\php\connect_test.php:32
Stack trace:
#0 C:\Dev\php\pdo\php\connect_test.php(44): select_parm('IT')
#1 {main}
  thrown in C:\Dev\php\pdo\php\connect_test.php on line 32
[06-Jun-2019 20:58:37 UTC] PHP Fatal error:  Class 'Users' not found in C:\Dev\php\pdo\php\connect_test.php on line 46
[06-Jun-2019 21:16:33 UTC] PHP Fatal error:  Uncaught PDOException: SQLSTATE[42S22]: Column not found: 1054 Unknown column 'name' in 'field list' in C:\Dev\php\pdo\php\connect_test.php:52
Stack trace:
#0 C:\Dev\php\pdo\php\connect_test.php(52): PDO->query('SELECT name FRO...')
#1 C:\Dev\php\pdo\php\connect_test.php(60): select_array()
#2 {main}
  thrown in C:\Dev\php\pdo\php\connect_test.php on line 52
[06-Jun-2019 21:33:35 UTC] PHP Warning:  Use of undefined constant CURRENT_TIMESTAMP - assumed 'CURRENT_TIMESTAMP' (this will throw an Error in a future version of PHP) in C:\Dev\php\pdo\php\connect_test.php on line 59
[06-Jun-2019 21:33:35 UTC] PHP Notice:  Undefined variable: pdo in C:\Dev\php\pdo\php\connect_test.php on line 63
[06-Jun-2019 21:33:35 UTC] PHP Fatal error:  Uncaught Error: Call to a member function prepare() on null in C:\Dev\php\pdo\php\connect_test.php:63
Stack trace:
#0 C:\Dev\php\pdo\php\connect_test.php(83): insert_users()
#1 {main}
  thrown in C:\Dev\php\pdo\php\connect_test.php on line 63
[06-Jun-2019 21:34:02 UTC] PHP Notice:  Undefined variable: pdo in C:\Dev\php\pdo\php\connect_test.php on line 63
[06-Jun-2019 21:34:02 UTC] PHP Fatal error:  Uncaught Error: Call to a member function prepare() on null in C:\Dev\php\pdo\php\connect_test.php:63
Stack trace:
#0 C:\Dev\php\pdo\php\connect_test.php(83): insert_users()
#1 {main}
  thrown in C:\Dev\php\pdo\php\connect_test.php on line 63
[10-Jun-2019 18:15:50 UTC] PHP Notice:  Undefined variable: el_hide in C:\Dev\php\cms\php\template.php on line 26
[10-Jun-2019 20:15:12 America/Chicago] PHP Notice:  Undefined variable: table_header in C:\Dev\php\cms\php\connect_db.php on line 33
